
Amino acid sequence Maximum Likelihood method, version 3.69.650

Jones-Taylor-Thornton model of amino acid change


           +--------------S_pyo     
           |  
           |               +--S_sapr    
           |               |  
           |       +-------5     +S_aur_MW2 
  +--------7       |       |  +--4  
  |        |       |       |  |  +S_aur_Mu50
  |        |       |       +--3  
  |        |    +--6          |  +--S_haem    
  |        |    |  |          +--2  
  |        |    |  |             +S_epi     
  |        +----1  |  
  |             |  +----B_subt    
  |             |  
  |             +----B_halo    
  |  
  |    +---------------------B_suis    
  8----9  
  |    +----------------C_parv    
  |  
  +----------A_aeol    


remember: (although rooted by outgroup) this is an unrooted tree!

Ln Likelihood = -5659.63902

 Between        And            Length      Approx. Confidence Limits
 -------        ---            ------      ------- ---------- ------

     8          A_aeol            0.18426     (  0.13597,     0.23254) **
     8             7              0.14699     (  0.10213,     0.19184) **
     7          S_pyo             0.25177     (  0.19766,     0.30588) **
     7             1              0.08348     (  0.04761,     0.11933) **
     1             6              0.04817     (  0.02124,     0.07510) **
     6             5              0.13852     (  0.09997,     0.17707) **
     5          S_sapr            0.05736     (  0.03303,     0.08170) **
     5             3              0.02882     (  0.01001,     0.04763) **
     3             4              0.03929     (  0.01968,     0.05888) **
     4          S_aur_MW2         0.00199     (     zero,     0.00590) *
     4          S_aur_Mu50        0.00010     (     zero,     0.00413)
     3             2              0.03471     (  0.01616,     0.05327) **
     2          S_haem            0.05487     (  0.03270,     0.07705) **
     2          S_epi             0.01936     (  0.00458,     0.03414) **
     6          B_subt            0.08573     (  0.05482,     0.11665) **
     1          B_halo            0.09305     (  0.06031,     0.12577) **
     8             9              0.07881     (  0.03831,     0.11932) **
     9          B_suis            0.37679     (  0.30782,     0.44576) **
     9          C_parv            0.28480     (  0.22446,     0.34515) **

     *  = significantly positive, P < 0.05
     ** = significantly positive, P < 0.01


