
PIPELINE DE DISEÑO DE PRIMERS PARA PCR
Brucella suis - Diagnóstico molecular
Versión: 1.0
Fuente: Facultad de Ingeniería - UNER


VALIDACIÓN DE ARCHIVOS DE ENTRADA
---------------------------------

    OK: Archivo FASTA encontrado: data/scaffolds.fasta
    OK: Archivo GFF encontrado: data/brucella_hybrid.gff
    OK: Directorio de salida listo: resultados
Paso 1: DISEÑO DE PRIMERS PARA PCR
     OK: Tabla de primers generada: res_primers.tab
     OK: Amplicones en FASTA generados: res_prod.fa
Paso 2: ANÁLISIS DE SITIOS DE RESTRICCIÓN
     OK: Análisis de restricción generado: res_enzimas.tab

EJECUCIÓN COMPLETADA


RESUMEN
-------

Archivos generados:
  res_primers.tab
  res_prod.fa
  res_enzimas.tab

Directorio de salida: /home/matias/Escritorio/TIF-Bioinfo2-G3/actividad-6-diseno-primers/resultados

Registro de salida: resultados/pipeline.stdout.log
Registro de errores: resultados/pipeline.stderr.log

Fecha de ejecución: 2026-06-16 19:33:54


ESTADÍSTICAS
------------

Genes procesados: 26
Primers diseñados: 26
Amplicones generados: 26
Sitios de restricción encontrados: 42

Distribución de enzimas de restricción:
  AvaII        27
  EcoRI        12
  BamHI        3

Estadísticas por amplicón:
  Mínimo de sitios: 0
  Máximo de sitios: 6
  Promedio de sitios: 1.62

Tiempo de ejecución: 0.01 segundos

Gracias por usar el pipeline.
Contacto: bioinfortics.g3@ingenieria.uner.edu.ar
