/home/matias/miniconda3/bin/quast.py spades_hybrid/scaffolds.fasta -o quast_hybrid

Version: 5.3.0, fb88221c

System information:
  OS: Linux-7.0.0-22-generic-x86_64-desconocido-with-glibc2.43 (linux_64)
  Python version: 3.13.13
  CPUs number: 12

Started: 2026-06-14 15:59:55

Logging to /home/matias/Escritorio/TP_Set3/quast_hybrid/quast.log
NOTICE: Output directory already exists and looks like a QUAST output dir. Existing results can be reused (e.g. previously generated alignments)!
NOTICE: Maximum number of threads is set to 3 (use --threads option to set it manually)

CWD: /home/matias/Escritorio/TP_Set3
Main parameters: 
  MODE: default, threads: 3, min contig length: 500, min alignment length: 65, min alignment IDY: 95.0, \
  ambiguity: one, min local misassembly length: 200, min extensive misassembly length: 1000

Contigs:
  Pre-processing...
  spades_hybrid/scaffolds.fasta ==> scaffolds

2026-06-14 15:59:55
Running Basic statistics processor...
  Contig files: 
    scaffolds
  Calculating N50 and L50...
    scaffolds, N50 = 30000, L50 = 1, auN = 30000.0, Total length = 30000, GC % = 55.57, # N's per 100 kbp =  0.00
  Drawing Nx plot...
    saved to /home/matias/Escritorio/TP_Set3/quast_hybrid/basic_stats/Nx_plot.pdf
  Drawing cumulative plot...
    saved to /home/matias/Escritorio/TP_Set3/quast_hybrid/basic_stats/cumulative_plot.pdf
  Drawing GC content plot...
    saved to /home/matias/Escritorio/TP_Set3/quast_hybrid/basic_stats/GC_content_plot.pdf
  Drawing scaffolds GC content plot...
    saved to /home/matias/Escritorio/TP_Set3/quast_hybrid/basic_stats/scaffolds_GC_content_plot.pdf
  Drawing Coverage histogram (bin size: 1x)...
    saved to /home/matias/Escritorio/TP_Set3/quast_hybrid/basic_stats/coverage_histogram.pdf
  Drawing scaffolds coverage histogram (bin size: 1x)...
    saved to /home/matias/Escritorio/TP_Set3/quast_hybrid/basic_stats/scaffolds_coverage_histogram.pdf
Done.

NOTICE: Genes are not predicted by default. Use --gene-finding or --glimmer option to enable it.

2026-06-14 15:59:56
Creating large visual summaries...
This may take a while: press Ctrl-C to skip this step..
  1 of 2: Creating PDF with all tables and plots...
  2 of 2: Creating Icarus viewers...
Done

2026-06-14 15:59:56
RESULTS:
  Text versions of total report are saved to /home/matias/Escritorio/TP_Set3/quast_hybrid/report.txt, report.tsv, and report.tex
  Text versions of transposed total report are saved to /home/matias/Escritorio/TP_Set3/quast_hybrid/transposed_report.txt, transposed_report.tsv, and transposed_report.tex
  HTML version (interactive tables and plots) is saved to /home/matias/Escritorio/TP_Set3/quast_hybrid/report.html
  PDF version (tables and plots) is saved to /home/matias/Escritorio/TP_Set3/quast_hybrid/report.pdf
  Icarus (contig browser) is saved to /home/matias/Escritorio/TP_Set3/quast_hybrid/icarus.html
  Log is saved to /home/matias/Escritorio/TP_Set3/quast_hybrid/quast.log

Finished: 2026-06-14 15:59:56
Elapsed time: 0:00:01.179918
NOTICEs: 3; WARNINGs: 1; non-fatal ERRORs: 0

Thank you for using QUAST!
