
PIPELINE DE DISEÑO DE PRIMERS PARA PCR
Brucella suis - Diagnóstico molecular
Versión: 1.0
Fuente: Facultad de Ingeniería - UNER


VALIDACIÓN DE ARCHIVOS DE ENTRADA
---------------------------------

    OK: Archivo FASTA encontrado: example_data/genomas.fna
    OK: Archivo GFF encontrado: example_data/genes.gff
    OK: Directorio de salida listo: resultado
Paso 1: DISEÑO DE PRIMERS PARA PCR
     OK: Tabla de primers generada: res_primers.tab
     OK: Amplicones en FASTA generados: res_prod.fa
Paso 2: ANÁLISIS DE SITIOS DE RESTRICCIÓN
     OK: Análisis de restricción generado: res_enzimas.tab

EJECUCIÓN COMPLETADA


RESUMEN
-------

Archivos generados:
  res_primers.tab
  res_prod.fa
  res_enzimas.tab

Directorio de salida: /home/matias/Escritorio/TP-Final-Bioinfo2/resultado

Registro de salida: resultado/pipeline.stdout.log
Registro de errores: resultado/pipeline.stderr.log

Fecha de ejecución: 2026-06-04 16:36:28


ESTADÍSTICAS
------------

Genes procesados: 3085
Primers diseñados: 3085
Amplicones generados: 3085
Sitios de restricción encontrados: 3918

Distribución de enzimas de restricción:
  AvaII        2766
  EcoRI        956
  BamHI        196

Estadísticas por amplicón:
  Mínimo de sitios: 0
  Máximo de sitios: 20
  Promedio de sitios: 1.27

Tiempo de ejecución: 0.62 segundos

Gracias por usar el pipeline.
Contacto: bioinfortics.g3@ingenieria.uner.edu.ar
