Discrepancy Report Results

Summary
FATAL: MISSING_PROTEIN_ID:26 proteins have invalid IDs.
DISC_SOURCE_QUALS_ASNDISC:strain (all present, all unique)
DISC_SOURCE_QUALS_ASNDISC:taxname (all present, all unique)
DISC_FEATURE_COUNT:CDS: 26 present
DISC_COUNT_NUCLEOTIDES:1 nucleotide Bioseqs are present
FEATURE_LOCATION_CONFLICT:26 features have inconsistent gene locations.
SUSPECT_PRODUCT_NAMES:2 product_names contain suspect phrase or characters
	May contain database identifier more appropriate in note; remove from product name
		1 features contains three or more numbers together that may be identifiers more appropriate in note
	use protein instead of gene as appropriate
		1 features contains 'genes'
DISC_QUALITY_SCORES:Quality scores are missing on all sequences.
ONCALLER_COMMENT_PRESENT:1 comment descriptors were found (all same)
MISSING_GENOMEASSEMBLY_COMMENTS:1 bioseqs are missing GenomeAssembly structured comments
MOLTYPE_NOT_MRNA:1 molecule types are not set as mRNA.
TECHNIQUE_NOT_TSA:1 technique are not set as TSA
MISSING_STRUCTURED_COMMENT:1 sequences do not include structured comments.
MISSING_PROJECT:27 sequences do not include project.
DISC_INCONSISTENT_MOLINFO_TECH:Molinfo Technique Report (some missing, all same)
SEQ_ID_PHRASES:Sequence Ids contain unacceptable phrases (cov_, length, node, paired, or trimmed)


Detailed Report

FATAL: DiscRep_ALL:MISSING_PROTEIN_ID::26 proteins have invalid IDs.
prokka_annotation/brucella_hybrid:NODE_1_length_30000_cov_145.340608_1 (length 352)
prokka_annotation/brucella_hybrid:NODE_1_length_30000_cov_145.340608_2 (length 76)
prokka_annotation/brucella_hybrid:NODE_1_length_30000_cov_145.340608_3 (length 418)
prokka_annotation/brucella_hybrid:NODE_1_length_30000_cov_145.340608_4 (length 520)
prokka_annotation/brucella_hybrid:NODE_1_length_30000_cov_145.340608_5 (length 210)
prokka_annotation/brucella_hybrid:NODE_1_length_30000_cov_145.340608_6 (length 191)
prokka_annotation/brucella_hybrid:NODE_1_length_30000_cov_145.340608_7 (length 429)
prokka_annotation/brucella_hybrid:NODE_1_length_30000_cov_145.340608_8 (length 208)
prokka_annotation/brucella_hybrid:NODE_1_length_30000_cov_145.340608_9 (length 57)
prokka_annotation/brucella_hybrid:NODE_1_length_30000_cov_145.340608_10 (length 499)
prokka_annotation/brucella_hybrid:NODE_1_length_30000_cov_145.340608_11 (length 317)
prokka_annotation/brucella_hybrid:NODE_1_length_30000_cov_145.340608_12 (length 357)
prokka_annotation/brucella_hybrid:NODE_1_length_30000_cov_145.340608_13 (length 497)
prokka_annotation/brucella_hybrid:NODE_1_length_30000_cov_145.340608_14 (length 451)
prokka_annotation/brucella_hybrid:NODE_1_length_30000_cov_145.340608_15 (length 368)
prokka_annotation/brucella_hybrid:NODE_1_length_30000_cov_145.340608_16 (length 477)
prokka_annotation/brucella_hybrid:NODE_1_length_30000_cov_145.340608_17 (length 471)
prokka_annotation/brucella_hybrid:NODE_1_length_30000_cov_145.340608_18 (length 295)
prokka_annotation/brucella_hybrid:NODE_1_length_30000_cov_145.340608_19 (length 530)
prokka_annotation/brucella_hybrid:NODE_1_length_30000_cov_145.340608_20 (length 54)
prokka_annotation/brucella_hybrid:NODE_1_length_30000_cov_145.340608_21 (length 114)
prokka_annotation/brucella_hybrid:NODE_1_length_30000_cov_145.340608_22 (length 317)
prokka_annotation/brucella_hybrid:NODE_1_length_30000_cov_145.340608_23 (length 426)
prokka_annotation/brucella_hybrid:NODE_1_length_30000_cov_145.340608_24 (length 136)
prokka_annotation/brucella_hybrid:NODE_1_length_30000_cov_145.340608_25 (length 319)
prokka_annotation/brucella_hybrid:NODE_1_length_30000_cov_145.340608_26 (length 50)

DiscRep_ALL:DISC_SOURCE_QUALS_ASNDISC::strain (all present, all unique)
DiscRep_SUB:DISC_SOURCE_QUALS_ASNDISC::1 sources have unique values for strain
DiscRep_ALL:DISC_SOURCE_QUALS_ASNDISC::taxname (all present, all unique)
DiscRep_SUB:DISC_SOURCE_QUALS_ASNDISC::1 sources have unique values for taxname
DiscRep_ALL:DISC_FEATURE_COUNT::CDS: 26 present
DiscRep_ALL:DISC_COUNT_NUCLEOTIDES::1 nucleotide Bioseqs are present
prokka_annotation/brucella_hybrid:NODE_1_length_30000_cov_145.340608 (length 30000)

DiscRep_ALL:FEATURE_LOCATION_CONFLICT::26 features have inconsistent gene locations.
DiscRep_SUB:FEATURE_LOCATION_CONFLICT::Coding region xref gene does not exist
prokka_annotation/brucella_hybrid:CDS	hypothetical protein	NODE_1_length_30000_cov_145.340608:c1376-318	CDNNHOAL_00001

DiscRep_SUB:FEATURE_LOCATION_CONFLICT::Coding region xref gene does not exist
prokka_annotation/brucella_hybrid:CDS	hypothetical protein	NODE_1_length_30000_cov_145.340608:c1687-1457	CDNNHOAL_00002

DiscRep_SUB:FEATURE_LOCATION_CONFLICT::Coding region xref gene does not exist
prokka_annotation/brucella_hybrid:CDS	Prophage integrase IntA	NODE_1_length_30000_cov_145.340608:c3228-1972	CDNNHOAL_00003

DiscRep_SUB:FEATURE_LOCATION_CONFLICT::Coding region xref gene does not exist
prokka_annotation/brucella_hybrid:CDS	GMP synthase [glutamine-hydrolyzing]	NODE_1_length_30000_cov_145.340608:c5051-3489	CDNNHOAL_00004

DiscRep_SUB:FEATURE_LOCATION_CONFLICT::Coding region xref gene does not exist
prokka_annotation/brucella_hybrid:CDS	5'-methylthioadenosine/S-adenosylhomocysteine nucleosidase	NODE_1_length_30000_cov_145.340608:c5792-5160	CDNNHOAL_00005

DiscRep_SUB:FEATURE_LOCATION_CONFLICT::Coding region xref gene does not exist
prokka_annotation/brucella_hybrid:CDS	hypothetical protein	NODE_1_length_30000_cov_145.340608:c6364-5789	CDNNHOAL_00006

DiscRep_SUB:FEATURE_LOCATION_CONFLICT::Coding region xref gene does not exist
prokka_annotation/brucella_hybrid:CDS	Ribosomal RNA small subunit methyltransferase B	NODE_1_length_30000_cov_145.340608:c7824-6535	CDNNHOAL_00007

DiscRep_SUB:FEATURE_LOCATION_CONFLICT::Coding region xref gene does not exist
prokka_annotation/brucella_hybrid:CDS	Disulfide bond formation protein B	NODE_1_length_30000_cov_145.340608:c8627-8001	CDNNHOAL_00008

DiscRep_SUB:FEATURE_LOCATION_CONFLICT::Coding region xref gene does not exist
prokka_annotation/brucella_hybrid:CDS	hypothetical protein	NODE_1_length_30000_cov_145.340608:c8829-8656	CDNNHOAL_00009

DiscRep_SUB:FEATURE_LOCATION_CONFLICT::Coding region xref gene does not exist
prokka_annotation/brucella_hybrid:CDS	Catalase	NODE_1_length_30000_cov_145.340608:c10459-8960	CDNNHOAL_00010

DiscRep_SUB:FEATURE_LOCATION_CONFLICT::Coding region xref gene does not exist
prokka_annotation/brucella_hybrid:CDS	Hydrogen peroxide-inducible genes activator	NODE_1_length_30000_cov_145.340608:10629-11582	CDNNHOAL_00011

DiscRep_SUB:FEATURE_LOCATION_CONFLICT::Coding region xref gene does not exist
prokka_annotation/brucella_hybrid:CDS	Thiosulfate dehydrogenase	NODE_1_length_30000_cov_145.340608:11651-12724	CDNNHOAL_00012

DiscRep_SUB:FEATURE_LOCATION_CONFLICT::Coding region xref gene does not exist
prokka_annotation/brucella_hybrid:CDS	Inosine-5'-monophosphate dehydrogenase	NODE_1_length_30000_cov_145.340608:c14422-12929	CDNNHOAL_00013

DiscRep_SUB:FEATURE_LOCATION_CONFLICT::Coding region xref gene does not exist
prokka_annotation/brucella_hybrid:CDS	H(+)/Cl(-) exchange transporter ClcA	NODE_1_length_30000_cov_145.340608:14617-15972	CDNNHOAL_00014

DiscRep_SUB:FEATURE_LOCATION_CONFLICT::Coding region xref gene does not exist
prokka_annotation/brucella_hybrid:CDS	putative aminopeptidase Rv1333	NODE_1_length_30000_cov_145.340608:15996-17102	CDNNHOAL_00015

DiscRep_SUB:FEATURE_LOCATION_CONFLICT::Coding region xref gene does not exist
prokka_annotation/brucella_hybrid:CDS	Phosphoglucosamine mutase	NODE_1_length_30000_cov_145.340608:17222-18655	CDNNHOAL_00016

DiscRep_SUB:FEATURE_LOCATION_CONFLICT::Coding region xref gene does not exist
prokka_annotation/brucella_hybrid:CDS	Alginate biosynthesis protein AlgA	NODE_1_length_30000_cov_145.340608:18652-20067	CDNNHOAL_00017

DiscRep_SUB:FEATURE_LOCATION_CONFLICT::Coding region xref gene does not exist
prokka_annotation/brucella_hybrid:CDS	Glycine cleavage system transcriptional activator	NODE_1_length_30000_cov_145.340608:c21075-20188	CDNNHOAL_00018

DiscRep_SUB:FEATURE_LOCATION_CONFLICT::Coding region xref gene does not exist
prokka_annotation/brucella_hybrid:CDS	putative cyclic di-GMP phosphodiesterase PdeB	NODE_1_length_30000_cov_145.340608:21865-23457	CDNNHOAL_00019

DiscRep_SUB:FEATURE_LOCATION_CONFLICT::Coding region xref gene does not exist
prokka_annotation/brucella_hybrid:CDS	hypothetical protein	NODE_1_length_30000_cov_145.340608:c23698-23534	CDNNHOAL_00020

DiscRep_SUB:FEATURE_LOCATION_CONFLICT::Coding region xref gene does not exist
prokka_annotation/brucella_hybrid:CDS	putative acid stress chaperone HdeA	NODE_1_length_30000_cov_145.340608:c24642-24298	CDNNHOAL_00021

DiscRep_SUB:FEATURE_LOCATION_CONFLICT::Coding region xref gene does not exist
prokka_annotation/brucella_hybrid:CDS	Glutaminase 1	NODE_1_length_30000_cov_145.340608:c25743-24790	CDNNHOAL_00022

DiscRep_SUB:FEATURE_LOCATION_CONFLICT::Coding region xref gene does not exist
prokka_annotation/brucella_hybrid:CDS	Glutamate/gamma-aminobutyrate antiporter	NODE_1_length_30000_cov_145.340608:c27059-25779	CDNNHOAL_00023

DiscRep_SUB:FEATURE_LOCATION_CONFLICT::Coding region xref gene does not exist
prokka_annotation/brucella_hybrid:CDS	Glutamate decarboxylase beta	NODE_1_length_30000_cov_145.340608:c27796-27386	CDNNHOAL_00024

DiscRep_SUB:FEATURE_LOCATION_CONFLICT::Coding region xref gene does not exist
prokka_annotation/brucella_hybrid:CDS	Glutamate decarboxylase alpha	NODE_1_length_30000_cov_145.340608:c28780-27821	CDNNHOAL_00025

DiscRep_SUB:FEATURE_LOCATION_CONFLICT::Coding region xref gene does not exist
prokka_annotation/brucella_hybrid:CDS	hypothetical protein	NODE_1_length_30000_cov_145.340608:c29960-29808	CDNNHOAL_00026

DiscRep_ALL:SUSPECT_PRODUCT_NAMES::2 product_names contain suspect phrase or characters
DiscRep_SUB:SUSPECT_PRODUCT_NAMES::May contain database identifier more appropriate in note; remove from product name
DiscRep_SUB:SUSPECT_PRODUCT_NAMES::1 features contains three or more numbers together that may be identifiers more appropriate in note
prokka_annotation/brucella_hybrid:CDS	putative aminopeptidase Rv1333	NODE_1_length_30000_cov_145.340608:15996-17102	CDNNHOAL_00015

DiscRep_SUB:SUSPECT_PRODUCT_NAMES::use protein instead of gene as appropriate
DiscRep_SUB:SUSPECT_PRODUCT_NAMES::1 features contains 'genes'
prokka_annotation/brucella_hybrid:CDS	Hydrogen peroxide-inducible genes activator	NODE_1_length_30000_cov_145.340608:10629-11582	CDNNHOAL_00011

DiscRep_ALL:DISC_QUALITY_SCORES::Quality scores are missing on all sequences.

DiscRep_ALL:ONCALLER_COMMENT_PRESENT::1 comment descriptors were found (all same)
prokka_annotation/brucella_hybrid:NODE_1_length_30000_cov_145.340608:Annotated using prokka 1.13 from https://github.com/tseemann/prokka

DiscRep_ALL:MISSING_GENOMEASSEMBLY_COMMENTS::1 bioseqs are missing GenomeAssembly structured comments
prokka_annotation/brucella_hybrid:NODE_1_length_30000_cov_145.340608 (length 30000)

DiscRep_ALL:MOLTYPE_NOT_MRNA::1 molecule types are not set as mRNA.
prokka_annotation/brucella_hybrid:NODE_1_length_30000_cov_145.340608 (length 30000)

DiscRep_ALL:TECHNIQUE_NOT_TSA::1 technique are not set as TSA
prokka_annotation/brucella_hybrid:NODE_1_length_30000_cov_145.340608 (length 30000)

DiscRep_ALL:MISSING_STRUCTURED_COMMENT::1 sequences do not include structured comments.
prokka_annotation/brucella_hybrid:NODE_1_length_30000_cov_145.340608 (length 30000)

DiscRep_ALL:MISSING_PROJECT::27 sequences do not include project.
prokka_annotation/brucella_hybrid:NODE_1_length_30000_cov_145.340608 (length 30000)
prokka_annotation/brucella_hybrid:NODE_1_length_30000_cov_145.340608_1 (length 352)
prokka_annotation/brucella_hybrid:NODE_1_length_30000_cov_145.340608_2 (length 76)
prokka_annotation/brucella_hybrid:NODE_1_length_30000_cov_145.340608_3 (length 418)
prokka_annotation/brucella_hybrid:NODE_1_length_30000_cov_145.340608_4 (length 520)
prokka_annotation/brucella_hybrid:NODE_1_length_30000_cov_145.340608_5 (length 210)
prokka_annotation/brucella_hybrid:NODE_1_length_30000_cov_145.340608_6 (length 191)
prokka_annotation/brucella_hybrid:NODE_1_length_30000_cov_145.340608_7 (length 429)
prokka_annotation/brucella_hybrid:NODE_1_length_30000_cov_145.340608_8 (length 208)
prokka_annotation/brucella_hybrid:NODE_1_length_30000_cov_145.340608_9 (length 57)
prokka_annotation/brucella_hybrid:NODE_1_length_30000_cov_145.340608_10 (length 499)
prokka_annotation/brucella_hybrid:NODE_1_length_30000_cov_145.340608_11 (length 317)
prokka_annotation/brucella_hybrid:NODE_1_length_30000_cov_145.340608_12 (length 357)
prokka_annotation/brucella_hybrid:NODE_1_length_30000_cov_145.340608_13 (length 497)
prokka_annotation/brucella_hybrid:NODE_1_length_30000_cov_145.340608_14 (length 451)
prokka_annotation/brucella_hybrid:NODE_1_length_30000_cov_145.340608_15 (length 368)
prokka_annotation/brucella_hybrid:NODE_1_length_30000_cov_145.340608_16 (length 477)
prokka_annotation/brucella_hybrid:NODE_1_length_30000_cov_145.340608_17 (length 471)
prokka_annotation/brucella_hybrid:NODE_1_length_30000_cov_145.340608_18 (length 295)
prokka_annotation/brucella_hybrid:NODE_1_length_30000_cov_145.340608_19 (length 530)
prokka_annotation/brucella_hybrid:NODE_1_length_30000_cov_145.340608_20 (length 54)
prokka_annotation/brucella_hybrid:NODE_1_length_30000_cov_145.340608_21 (length 114)
prokka_annotation/brucella_hybrid:NODE_1_length_30000_cov_145.340608_22 (length 317)
prokka_annotation/brucella_hybrid:NODE_1_length_30000_cov_145.340608_23 (length 426)
prokka_annotation/brucella_hybrid:NODE_1_length_30000_cov_145.340608_24 (length 136)
prokka_annotation/brucella_hybrid:NODE_1_length_30000_cov_145.340608_25 (length 319)
prokka_annotation/brucella_hybrid:NODE_1_length_30000_cov_145.340608_26 (length 50)

DiscRep_ALL:DISC_INCONSISTENT_MOLINFO_TECH::Molinfo Technique Report (some missing, all same)
DiscRep_SUB:DISC_INCONSISTENT_MOLINFO_TECH::technique (all missing)
DiscRep_SUB:DISC_INCONSISTENT_MOLINFO_TECH::1 Molinfos are missing field technique
prokka_annotation/brucella_hybrid:NODE_1_length_30000_cov_145.340608 (length 30000)

DiscRep_ALL:SEQ_ID_PHRASES::Sequence Ids contain unacceptable phrases (cov_, length, node, paired, or trimmed)

